This is pdfTeX, Version 3.14159265-2.6-1.40.17 (MiKTeX 2.9.6100 64-bit) (preloaded format=pdflatex 2016.12.4)  14 MAR 2017 23:19
entering extended mode
**D:/Research/Dissertation/ucthesis-ucsc/Thesis.tex
(D:/Research/Dissertation/ucthesis-ucsc/Thesis.tex
LaTeX2e <2016/03/31> patch level 3
Babel <3.9r> and hyphenation patterns for 75 language(s) loaded.
(D:/Research/Dissertation/ucthesis-ucsc\ucthesis.cls
Document Class: ucthesis 2006/05/04 v3.2-ucsc-2 University of California Thesis
 Class
(D:/Research/Dissertation/ucthesis-ucsc\uct11.clo)
\descriptionmargin=\dimen102
\c@part=\count79
\c@chapter=\count80
\c@section=\count81
\c@subsection=\count82
\c@subsubsection=\count83
\c@paragraph=\count84
\c@subparagraph=\count85
\c@figure=\count86
\c@table=\count87
)
(E:\Iso\MiKTeX\tex\latex\wrapfig\wrapfig.sty
\wrapoverhang=\dimen103
\WF@size=\dimen104
\c@WF@wrappedlines=\count88
\WF@box=\box26
\WF@everypar=\toks14
Package: wrapfig 2003/01/31  v 3.6
)
(E:\Iso\MiKTeX\tex\latex\threeparttable\threeparttable.sty
Package: threeparttable 2003/06/13  v 3.0
\@tempboxb=\box27
)
(E:\Iso\MiKTeX\tex\latex\tools\dcolumn.sty
Package: dcolumn 2014/10/28 v1.06 decimal alignment package (DPC)

(E:\Iso\MiKTeX\tex\latex\tools\array.sty
Package: array 2014/10/28 v2.4c Tabular extension package (FMi)
\col@sep=\dimen105
\extrarowheight=\dimen106
\NC@list=\toks15
\extratabsurround=\skip41
\backup@length=\skip42
))
(E:\Iso\MiKTeX\tex\latex\nomencl\nomencl.sty
Package: nomencl 2005/09/22 v4.2 Nomenclature package (LN)
\nomlabelwidth=\dimen107
\nom@tempdim=\dimen108
\nomitemsep=\skip43
)
\@glossaryfile=\write3
\openout3 = `Thesis.glo'.


Writing glossary file Thesis.glo 
(E:\Iso\MiKTeX\tex\latex\subfigmat\subfigmat.sty
Package: subfigmat 1999/02/27 v1.0 Subfigure Matrix Package

(E:\Iso\MiKTeX\tex\latex\subfigure\subfigure.sty
Package: subfigure 2002/07/30 v2.1.4 subfigure package
\subfigtopskip=\skip44
\subfigcapskip=\skip45
\subfigcaptopadj=\dimen109
\subfigbottomskip=\skip46
\subfigcapmargin=\dimen110
\subfiglabelskip=\skip47
\c@subfigure=\count89
\c@lofdepth=\count90
\c@subtable=\count91
\c@lotdepth=\count92

****************************************
* Local config file subfigure.cfg used *
****************************************
(E:\Iso\MiKTeX\tex\latex\subfigure\subfigure.cfg)
\subfig@top=\skip48
\subfig@bottom=\skip49
)
\sfm@width=\skip50
\sfmcolsep=\skip51
\c@sfm@count=\count93
)
(E:\Iso\MiKTeX\tex\latex\fancyvrb\fancyvrb.sty
Package: fancyvrb 2008/02/07

Style option: `fancyvrb' v2.7a, with DG/SPQR fixes, and firstline=lastline fix 
<2008/02/07> (tvz) (E:\Iso\MiKTeX\tex\latex\graphics\keyval.sty
Package: keyval 2014/10/28 v1.15 key=value parser (DPC)
\KV@toks@=\toks16
)
\FV@CodeLineNo=\count94
\FV@InFile=\read1
\FV@TabBox=\box28
\c@FancyVerbLine=\count95
\FV@StepNumber=\count96
\FV@OutFile=\write4
)
(D:/Research/Dissertation/ucthesis-ucsc\subeqnar.sty
Documentstyle option `subeqnarray' V1.1; Released 22 December 1988
\c@subequation=\count97
) (E:\Iso\MiKTeX\tex\latex\graphics\graphicx.sty
Package: graphicx 2014/10/28 v1.0g Enhanced LaTeX Graphics (DPC,SPQR)

(E:\Iso\MiKTeX\tex\latex\graphics\graphics.sty
Package: graphics 2016/07/10 v1.0t Standard LaTeX Graphics (DPC,SPQR)

(E:\Iso\MiKTeX\tex\latex\graphics\trig.sty
Package: trig 2016/01/03 v1.10 sin cos tan (DPC)
)
(E:\Iso\MiKTeX\tex\latex\graphics-cfg\graphics.cfg
File: graphics.cfg 2016/06/04 v1.11 sample graphics configuration
)
Package graphics Info: Driver file: pdftex.def on input line 99.

(E:\Iso\MiKTeX\tex\latex\graphics-def\pdftex.def
File: pdftex.def 2016/07/10 v0.06j Graphics/color for pdfTeX

(E:\Iso\MiKTeX\tex\generic\oberdiek\infwarerr.sty
Package: infwarerr 2016/05/16 v1.4 Providing info/warning/error messages (HO)
)
(E:\Iso\MiKTeX\tex\generic\oberdiek\ltxcmds.sty
Package: ltxcmds 2016/05/16 v1.23 LaTeX kernel commands for general use (HO)
)
\Gread@gobject=\count98
))
\Gin@req@height=\dimen111
\Gin@req@width=\dimen112
)
(E:\Iso\MiKTeX\tex\latex\lettrine\lettrine.sty
File: lettrine.sty 2015/08/31 v1.9 (Daniel Flipo)
\c@DefaultLines=\count99
\c@DefaultDepth=\count100
\DefaultFindent=\dimen113
\DefaultNindent=\dimen114
\DefaultSlope=\dimen115
\DiscardVskip=\dimen116
\L@lbox=\box29
\L@tbox=\box30
\c@L@lines=\count101
\c@L@depth=\count102
\L@Pindent=\dimen117
\L@Findent=\dimen118
\L@Nindent=\dimen119
\L@lraise=\dimen120
\L@first=\dimen121
\L@next=\dimen122
\L@slope=\dimen123
\L@height=\dimen124
\L@novskip=\dimen125
\LettrineWidth=\dimen126
\LettrineHeight=\dimen127
\LettrineDepth=\dimen128

Loading lettrine.cfg
(E:\Iso\MiKTeX\tex\latex\lettrine\lettrine.cfg))
(E:\Iso\MiKTeX\tex\latex\hyperref\hyperref.sty
Package: hyperref 2016/06/24 v6.83q Hypertext links for LaTeX

(E:\Iso\MiKTeX\tex\generic\oberdiek\hobsub-hyperref.sty
Package: hobsub-hyperref 2016/05/16 v1.14 Bundle oberdiek, subset hyperref (HO)


(E:\Iso\MiKTeX\tex\generic\oberdiek\hobsub-generic.sty
Package: hobsub-generic 2016/05/16 v1.14 Bundle oberdiek, subset generic (HO)
Package: hobsub 2016/05/16 v1.14 Construct package bundles (HO)
Package hobsub Info: Skipping package `infwarerr' (already loaded).
Package hobsub Info: Skipping package `ltxcmds' (already loaded).
Package: ifluatex 2016/05/16 v1.4 Provides the ifluatex switch (HO)
Package ifluatex Info: LuaTeX not detected.
Package: ifvtex 2016/05/16 v1.6 Detect VTeX and its facilities (HO)
Package ifvtex Info: VTeX not detected.
Package: intcalc 2016/05/16 v1.2 Expandable calculations with integers (HO)
Package: ifpdf 2016/05/14 v3.1 Provides the ifpdf switch
Package: etexcmds 2016/05/16 v1.6 Avoid name clashes with e-TeX commands (HO)
Package etexcmds Info: Could not find \expanded.
(etexcmds)             That can mean that you are not using pdfTeX 1.50 or
(etexcmds)             that some package has redefined \expanded.
(etexcmds)             In the latter case, load this package earlier.
Package: kvsetkeys 2016/05/16 v1.17 Key value parser (HO)
Package: kvdefinekeys 2016/05/16 v1.4 Define keys (HO)
Package: pdftexcmds 2016/05/21 v0.22 Utility functions of pdfTeX for LuaTeX (HO
)
Package pdftexcmds Info: LuaTeX not detected.
Package pdftexcmds Info: \pdf@primitive is available.
Package pdftexcmds Info: \pdf@ifprimitive is available.
Package pdftexcmds Info: \pdfdraftmode found.
Package: pdfescape 2016/05/16 v1.14 Implements pdfTeX's escape features (HO)
Package: bigintcalc 2016/05/16 v1.4 Expandable calculations on big integers (HO
)
Package: bitset 2016/05/16 v1.2 Handle bit-vector datatype (HO)
Package: uniquecounter 2016/05/16 v1.3 Provide unlimited unique counter (HO)
)
Package hobsub Info: Skipping package `hobsub' (already loaded).
Package: letltxmacro 2016/05/16 v1.5 Let assignment for LaTeX macros (HO)
Package: hopatch 2016/05/16 v1.3 Wrapper for package hooks (HO)
Package: xcolor-patch 2016/05/16 xcolor patch
Package: atveryend 2016/05/16 v1.9 Hooks at the very end of document (HO)
Package atveryend Info: \enddocument detected (standard20110627).
Package: atbegshi 2016/06/09 v1.18 At begin shipout hook (HO)
Package: refcount 2016/05/16 v3.5 Data extraction from label references (HO)
Package: hycolor 2016/05/16 v1.8 Color options for hyperref/bookmark (HO)
)
(E:\Iso\MiKTeX\tex\generic\ifxetex\ifxetex.sty
Package: ifxetex 2010/09/12 v0.6 Provides ifxetex conditional
)
(E:\Iso\MiKTeX\tex\latex\oberdiek\auxhook.sty
Package: auxhook 2016/05/16 v1.4 Hooks for auxiliary files (HO)
)
(E:\Iso\MiKTeX\tex\latex\oberdiek\kvoptions.sty
Package: kvoptions 2016/05/16 v3.12 Key value format for package options (HO)
)
\@linkdim=\dimen129
\Hy@linkcounter=\count103
\Hy@pagecounter=\count104

(E:\Iso\MiKTeX\tex\latex\hyperref\pd1enc.def
File: pd1enc.def 2016/06/24 v6.83q Hyperref: PDFDocEncoding definition (HO)
)
\Hy@SavedSpaceFactor=\count105

(E:\Iso\MiKTeX\tex\latex\00miktex\hyperref.cfg
File: hyperref.cfg 2002/06/06 v1.2 hyperref configuration of TeXLive
)
Package hyperref Info: Hyper figures OFF on input line 4486.
Package hyperref Info: Link nesting OFF on input line 4491.
Package hyperref Info: Hyper index ON on input line 4494.
Package hyperref Info: Plain pages OFF on input line 4501.
Package hyperref Info: Backreferencing OFF on input line 4506.
Package hyperref Info: Implicit mode ON; LaTeX internals redefined.
Package hyperref Info: Bookmarks ON on input line 4735.
\c@Hy@tempcnt=\count106

(E:\Iso\MiKTeX\tex\latex\url\url.sty
\Urlmuskip=\muskip10
Package: url 2013/09/16  ver 3.4  Verb mode for urls, etc.
)
LaTeX Info: Redefining \url on input line 5088.
\XeTeXLinkMargin=\dimen130
\Fld@menulength=\count107
\Field@Width=\dimen131
\Fld@charsize=\dimen132
Package hyperref Info: Hyper figures OFF on input line 6342.
Package hyperref Info: Link nesting OFF on input line 6347.
Package hyperref Info: Hyper index ON on input line 6350.
Package hyperref Info: backreferencing OFF on input line 6357.
Package hyperref Info: Link coloring OFF on input line 6362.
Package hyperref Info: Link coloring with OCG OFF on input line 6367.
Package hyperref Info: PDF/A mode OFF on input line 6372.
LaTeX Info: Redefining \ref on input line 6412.
LaTeX Info: Redefining \pageref on input line 6416.
\Hy@abspage=\count108
\c@Item=\count109
\c@Hfootnote=\count110
)

Package hyperref Message: Driver (autodetected): hpdftex.

(E:\Iso\MiKTeX\tex\latex\hyperref\hpdftex.def
File: hpdftex.def 2016/06/24 v6.83q Hyperref driver for pdfTeX
\Fld@listcount=\count111
\c@bookmark@seq@number=\count112

(E:\Iso\MiKTeX\tex\latex\oberdiek\rerunfilecheck.sty
Package: rerunfilecheck 2016/05/16 v1.8 Rerun checks for auxiliary files (HO)
Package uniquecounter Info: New unique counter `rerunfilecheck' on input line 2
82.
)
\Hy@SectionHShift=\skip52
)
(E:\Iso\MiKTeX\tex\latex\amsmath\amsmath.sty
Package: amsmath 2016/06/28 v2.15d AMS math features
\@mathmargin=\skip53

For additional information on amsmath, use the `?' option.
(E:\Iso\MiKTeX\tex\latex\amsmath\amstext.sty
Package: amstext 2000/06/29 v2.01 AMS text

(E:\Iso\MiKTeX\tex\latex\amsmath\amsgen.sty
File: amsgen.sty 1999/11/30 v2.0 generic functions
\@emptytoks=\toks17
\ex@=\dimen133
))
(E:\Iso\MiKTeX\tex\latex\amsmath\amsbsy.sty
Package: amsbsy 1999/11/29 v1.2d Bold Symbols
\pmbraise@=\dimen134
)
(E:\Iso\MiKTeX\tex\latex\amsmath\amsopn.sty
Package: amsopn 2016/03/08 v2.02 operator names
)
\inf@bad=\count113
LaTeX Info: Redefining \frac on input line 199.
\uproot@=\count114
\leftroot@=\count115
LaTeX Info: Redefining \overline on input line 297.
\classnum@=\count116
\DOTSCASE@=\count117
LaTeX Info: Redefining \ldots on input line 394.
LaTeX Info: Redefining \dots on input line 397.
LaTeX Info: Redefining \cdots on input line 518.
\Mathstrutbox@=\box31
\strutbox@=\box32
\big@size=\dimen135
LaTeX Font Info:    Redeclaring font encoding OML on input line 634.
LaTeX Font Info:    Redeclaring font encoding OMS on input line 635.
\macc@depth=\count118
\c@MaxMatrixCols=\count119
\dotsspace@=\muskip11
\c@parentequation=\count120
\dspbrk@lvl=\count121
\tag@help=\toks18
\row@=\count122
\column@=\count123
\maxfields@=\count124
\andhelp@=\toks19
\eqnshift@=\dimen136
\alignsep@=\dimen137
\tagshift@=\dimen138
\tagwidth@=\dimen139
\totwidth@=\dimen140
\lineht@=\dimen141
\@envbody=\toks20
\multlinegap=\skip54
\multlinetaggap=\skip55
\mathdisplay@stack=\toks21
LaTeX Info: Redefining \[ on input line 2739.
LaTeX Info: Redefining \] on input line 2740.
)
(E:\Iso\MiKTeX\tex\latex\graphics\color.sty
Package: color 2016/07/10 v1.1e Standard LaTeX Color (DPC)

(E:\Iso\MiKTeX\tex\latex\graphics-cfg\color.cfg
File: color.cfg 2016/01/02 v1.6 sample color configuration
)
Package color Info: Driver file: pdftex.def on input line 147.
)
No file Thesis.aux.
\openout1 = `Thesis.aux'.

LaTeX Font Info:    Checking defaults for OML/cmm/m/it on input line 48.
LaTeX Font Info:    ... okay on input line 48.
LaTeX Font Info:    Checking defaults for T1/cmr/m/n on input line 48.
LaTeX Font Info:    ... okay on input line 48.
LaTeX Font Info:    Checking defaults for OT1/cmr/m/n on input line 48.
LaTeX Font Info:    ... okay on input line 48.
LaTeX Font Info:    Checking defaults for OMS/cmsy/m/n on input line 48.
LaTeX Font Info:    ... okay on input line 48.
LaTeX Font Info:    Checking defaults for OMX/cmex/m/n on input line 48.
LaTeX Font Info:    ... okay on input line 48.
LaTeX Font Info:    Checking defaults for U/cmr/m/n on input line 48.
LaTeX Font Info:    ... okay on input line 48.
LaTeX Font Info:    Checking defaults for PD1/pdf/m/n on input line 48.
LaTeX Font Info:    ... okay on input line 48.
(E:\Iso\MiKTeX\tex\context\base\supp-pdf.mkii
[Loading MPS to PDF converter (version 2006.09.02).]
\scratchcounter=\count125
\scratchdimen=\dimen142
\scratchbox=\box33
\nofMPsegments=\count126
\nofMParguments=\count127
\everyMPshowfont=\toks22
\MPscratchCnt=\count128
\MPscratchDim=\dimen143
\MPnumerator=\count129
\makeMPintoPDFobject=\count130
\everyMPtoPDFconversion=\toks23
) (E:\Iso\MiKTeX\tex\latex\oberdiek\epstopdf-base.sty
Package: epstopdf-base 2016/05/15 v2.6 Base part for package epstopdf

(E:\Iso\MiKTeX\tex\latex\oberdiek\grfext.sty
Package: grfext 2016/05/16 v1.2 Manage graphics extensions (HO)
)
Package epstopdf-base Info: Redefining graphics rule for `.eps' on input line 4
38.
Package grfext Info: Graphics extension search list:
(grfext)             [.png,.pdf,.jpg,.mps,.jpeg,.jbig2,.jb2,.PNG,.PDF,.JPG,.JPE
G,.JBIG2,.JB2,.eps]
(grfext)             \AppendGraphicsExtensions on input line 456.
)
\AtBeginShipoutBox=\box34


Package hyperref Warning: Height of page (\paperheight) is invalid (0.0pt),
(hyperref)                using 11in.

Package hyperref Info: Link coloring OFF on input line 48.
(E:\Iso\MiKTeX\tex\latex\hyperref\nameref.sty
Package: nameref 2016/05/21 v2.44 Cross-referencing by name of section

(E:\Iso\MiKTeX\tex\generic\oberdiek\gettitlestring.sty
Package: gettitlestring 2016/05/16 v1.5 Cleanup title references (HO)
)
\c@section@level=\count131
)
LaTeX Info: Redefining \ref on input line 48.
LaTeX Info: Redefining \pageref on input line 48.
LaTeX Info: Redefining \nameref on input line 48.
\@outlinefile=\write5
\openout5 = `Thesis.out'.


Underfull \hbox (badness 10000) in paragraph at lines 70--70
[]\OT1/cmr/m/n/12 The Dis-ser-ta-tion of Nicholas Bryan
 []


Underfull \hbox (badness 10000) in paragraph at lines 70--70

 []

[1

{C:/ProgramData/MiKTeX/2.9/pdftex/config/pdftex.map}]
LaTeX Font Info:    Try loading font information for OMS+cmr on input line 70.

(E:\Iso\MiKTeX\tex\latex\base\omscmr.fd
File: omscmr.fd 2014/09/29 v2.5h Standard LaTeX font definitions
)
LaTeX Font Info:    Font shape `OMS/cmr/m/n' in size <12> not available
(Font)              Font shape `OMS/cmsy/m/n' tried instead on input line 70.
 [2]
\tf@toc=\write6
\openout6 = `Thesis.toc'.

 [3

]
\tf@lof=\write7
\openout7 = `Thesis.lof'.

 [4

]
\tf@lot=\write8
\openout8 = `Thesis.lot'.

 [5

] [6] [7] [8]
Chapter 1.

LaTeX Warning: Citation `upham2003environmental' on page 1 undefined on input l
ine 110.


LaTeX Warning: Citation `olsthoorn2001carbon' on page 1 undefined on input line
 110.


LaTeX Warning: Citation `smith2001world' on page 1 undefined on input line 110.



LaTeX Warning: Citation `marazzo2010air' on page 1 undefined on input line 110.



LaTeX Warning: Citation `adey2007flying' on page 1 undefined on input line 110.



LaTeX Warning: Citation `hale2006boeing' on page 1 undefined on input line 112.



LaTeX Warning: Citation `barbarino2011review' on page 1 undefined on input line
 112.


LaTeX Warning: Citation `kuzmina2002review' on page 1 undefined on input line 1
12.


LaTeX Warning: Citation `sofla2010shape' on page 1 undefined on input line 112.



LaTeX Warning: Reference `fig:airGeo' on page 1 undefined on input line 112.

[1

] <./Figures/AirCraftGeometry-01.png, id=53, 1266.6522pt x 700.5372pt>
File: ./Figures/AirCraftGeometry-01.png Graphic file (type png)

<use ./Figures/AirCraftGeometry-01.png>
Package pdftex.def Info: ./Figures/AirCraftGeometry-01.png used on input line 1
16.
(pdftex.def)             Requested size: 311.66437pt x 172.36533pt.
 [2 <D:/Research/Dissertation/ucthesis-ucsc/Figures/AirCraftGeometry-01.png (PN
G copy)>]

LaTeX Warning: Citation `reich2007introduction' on page 3 undefined on input li
ne 123.


LaTeX Warning: Reference `fig:twist' on page 3 undefined on input line 123.

<./Figures/WingTipTwist.png, id=59, 990.5808pt x 361.8318pt>
File: ./Figures/WingTipTwist.png Graphic file (type png)

<use ./Figures/WingTipTwist.png>
Package pdftex.def Info: ./Figures/WingTipTwist.png used on input line 127.
(pdftex.def)             Requested size: 311.66437pt x 113.83958pt.
 [3] [4 <D:/Research/Dissertation/ucthesis-ucsc/Figures/WingTipTwist.png (PNG c
opy)>]

LaTeX Warning: Citation `siljak2011decentralized' on page 5 undefined on input 
line 148.

[5] [6]
Chapter 2.

LaTeX Warning: Citation `nguyencoupled' on page 7 undefined on input line 158.

[7

]

LaTeX Warning: Citation `nguyen2012aeroelastic' on page 8 undefined on input li
ne 164.


LaTeX Warning: Citation `nguyencoupled' on page 8 undefined on input line 164.


LaTeX Warning: Citation `nguyencoupled' on page 8 undefined on input line 166.

[8]

LaTeX Warning: Citation `wang2014nonlinear' on page 9 undefined on input line 1
70.


LaTeX Warning: Citation `su2014modified' on page 9 undefined on input line 176.


[9]

LaTeX Warning: Citation `friswell2009prospects' on page 10 undefined on input l
ine 179.


LaTeX Warning: Citation `weisshaar2011aerospace' on page 10 undefined on input 
line 179.

[10]

LaTeX Warning: Citation `miller1988active' on page 11 undefined on input line 1
81.


LaTeX Warning: Citation `pinkerton1996controlled' on page 11 undefined on input
 line 181.


LaTeX Warning: Citation `kudva2001overview' on page 11 undefined on input line 
181.


LaTeX Warning: Citation `kota2009mission' on page 11 undefined on input line 18
6.


LaTeX Warning: Citation `kota2008adaptive' on page 11 undefined on input line 1
86.

[11]

LaTeX Warning: Citation `miller2015fluid' on page 12 undefined on input line 18
8.


LaTeX Warning: Citation `zientarski2015wind' on page 12 undefined on input line
 188.


LaTeX Warning: Citation `urnes2013mission' on page 12 undefined on input line 1
90.


LaTeX Warning: Citation `swei2014aeroelastic' on page 12 undefined on input lin
e 190.


LaTeX Warning: Citation `nguyen2012aeroelastic' on page 12 undefined on input l
ine 190.


LaTeX Warning: Citation `shyy2010recent' on page 12 undefined on input line 193
.


LaTeX Warning: Reference `sec:aeroMoldLit' on page 12 undefined on input line 1
93.

[12]

LaTeX Warning: Citation `dickinson1999wing' on page 13 undefined on input line 
195.


LaTeX Warning: Citation `sane2001control' on page 13 undefined on input line 19
5.


LaTeX Warning: Citation `sane2002aerodynamic' on page 13 undefined on input lin
e 195.


LaTeX Warning: Citation `weintraub2014implementation' on page 13 undefined on i
nput line 197.


LaTeX Warning: Reference `fig:splitCycle' on page 13 undefined on input line 19
7.


LaTeX Warning: Citation `doman2010wingbeat' on page 13 undefined on input line 
197.


LaTeX Warning: Citation `oppenheimer2011dynamics' on page 13 undefined on input
 line 197.

<./Figures/splitCycle.png, id=110, 888.31876pt x 372.79276pt>
File: ./Figures/splitCycle.png Graphic file (type png)

<use ./Figures/splitCycle.png>
Package pdftex.def Info: ./Figures/splitCycle.png used on input line 201.
(pdftex.def)             Requested size: 415.55249pt x 174.3878pt.


LaTeX Warning: Citation `weintraub2014implementation' on page 13 undefined on i
nput line 202.

[13]

LaTeX Warning: Citation `ferris1977wind' on page 14 undefined on input line 208
.


LaTeX Warning: Citation `neal2004design' on page 14 undefined on input line 210
.

[14 <D:/Research/Dissertation/ucthesis-ucsc/Figures/splitCycle.png>]

LaTeX Warning: Citation `abdulrahim2004flight' on page 15 undefined on input li
ne 212.


LaTeX Warning: Citation `majji2007design' on page 15 undefined on input line 21
4.


LaTeX Warning: Citation `vos2010mechanism' on page 15 undefined on input line 2
14.

[15]

LaTeX Warning: Citation `vos2010mechanism' on page 16 undefined on input line 2
16.


LaTeX Warning: Citation `majji2007design' on page 16 undefined on input line 21
6.

[16]
Chapter 3.

LaTeX Warning: Reference `fig:AEDiag' on page 17 undefined on input line 222.

<Figures/AeroelasticConceptDiagram.jpg, id=132, 516.42938pt x 460.72125pt>
File: Figures/AeroelasticConceptDiagram.jpg Graphic file (type jpg)

<use Figures/AeroelasticConceptDiagram.jpg>
Package pdftex.def Info: Figures/AeroelasticConceptDiagram.jpg used on input li
ne 226.
(pdftex.def)             Requested size: 166.21844pt x 148.28444pt.


LaTeX Warning: Citation `hodges2011introduction' on page 17 undefined on input 
line 227.


LaTeX Warning: Citation `hodges2011introduction' on page 17 undefined on input 
line 227.


LaTeX Warning: Citation `fertis1999nonlinear' on page 17 undefined on input lin
e 232.


LaTeX Warning: Reference `eqn:hCube' on page 17 undefined on input line 232.

[17

]

LaTeX Warning: Reference `eqn:MStiff' on page 18 undefined on input line 246.


LaTeX Warning: Reference `eqn:MMass' on page 18 undefined on input line 246.

[18 <D:/Research/Dissertation/ucthesis-ucsc/Figures/AeroelasticConceptDiagram.j
pg>]

LaTeX Warning: Reference `fig:Beam' on page 19 undefined on input line 266.

<Figures/Beam.jpg, id=149, 819.06pt x 272.01625pt>
File: Figures/Beam.jpg Graphic file (type jpg)
 <use Figures/Beam.jpg>
Package pdftex.def Info: Figures/Beam.jpg used on input line 269.
(pdftex.def)             Requested size: 249.33403pt x 82.80502pt.


LaTeX Warning: Reference `fig:CutWing' on page 19 undefined on input line 273.


LaTeX Warning: Reference `fig:CutWing' on page 19 undefined on input line 273.

<Figures/StructuralWingStates-01.png, id=150, 919.5153pt x 522.0303pt>
File: Figures/StructuralWingStates-01.png Graphic file (type png)

<use Figures/StructuralWingStates-01.png>
Package pdftex.def Info: Figures/StructuralWingStates-01.png used on input line
 276.
(pdftex.def)             Requested size: 415.55249pt x 235.91512pt.


LaTeX Warning: Reference `eqn:GFEMeqn' on page 19 undefined on input line 280.

[19 <D:/Research/Dissertation/ucthesis-ucsc/Figures/Beam.jpg>] [20 <D:/Research
/Dissertation/ucthesis-ucsc/Figures/StructuralWingStates-01.png (PNG copy)>]

LaTeX Warning: Citation `bertin1998aerodynamics' on page 21 undefined on input 
line 292.


LaTeX Warning: Citation `long2004object' on page 21 undefined on input line 294
.


LaTeX Warning: Citation `stanford2010analytical' on page 21 undefined on input 
line 294.


LaTeX Warning: Citation `de2012object' on page 21 undefined on input line 294.


LaTeX Warning: Reference `fig:reynolds' on page 21 undefined on input line 296.



LaTeX Warning: Citation `koochesfahani1989vortical' on page 21 undefined on inp
ut line 296.

[21]
<Figures/ReducedFrequencyvReynoldsTypes-01.png, id=171, 1072.005pt x 633.567pt>
File: Figures/ReducedFrequencyvReynoldsTypes-01.png Graphic file (type png)
<use Figures/ReducedFrequencyvReynoldsTypes-01.png>
Package pdftex.def Info: Figures/ReducedFrequencyvReynoldsTypes-01.png used on 
input line 300.
(pdftex.def)             Requested size: 415.55249pt x 245.59167pt.


LaTeX Warning: Citation `mueller2001fixed' on page 22 undefined on input line 3
01.


LaTeX Warning: Citation `mueller2001fixed' on page 22 undefined on input line 3
01.


LaTeX Warning: Reference `fig:VLM' on page 22 undefined on input line 305.

[22 <D:/Research/Dissertation/ucthesis-ucsc/Figures/ReducedFrequencyvReynoldsTy
pes-01.png (PNG copy)>]
<Figures/VortexLaticeMethod.jpg, id=177, 959.83594pt x 316.93407pt>
File: Figures/VortexLaticeMethod.jpg Graphic file (type jpg)

<use Figures/VortexLaticeMethod.jpg>
Package pdftex.def Info: Figures/VortexLaticeMethod.jpg used on input line 309.

(pdftex.def)             Requested size: 415.55249pt x 137.21234pt.


LaTeX Warning: Reference `fig:VLM' on page 23 undefined on input line 314.


LaTeX Warning: Reference `fig:CutWing' on page 23 undefined on input line 314.


LaTeX Warning: Citation `nguyencoupled' on page 23 undefined on input line 314.



LaTeX Warning: Citation `nguyen2012aeroelastic' on page 23 undefined on input l
ine 314.


LaTeX Warning: Citation `nguyen2011longitudinal' on page 23 undefined on input 
line 314.


LaTeX Warning: Citation `nguyencoupled2014' on page 23 undefined on input line 
314.

<Figures/AngleofAttack.jpg, id=178, 751.80875pt x 169.63374pt>
File: Figures/AngleofAttack.jpg Graphic file (type jpg)

<use Figures/AngleofAttack.jpg>
Package pdftex.def Info: Figures/AngleofAttack.jpg used on input line 317.
(pdftex.def)             Requested size: 415.55249pt x 93.76474pt.


LaTeX Warning: Citation `bertin1998aerodynamics' on page 23 undefined on input 
line 321.


LaTeX Warning: Citation `kundu2012fluid' on page 23 undefined on input line 321
.


LaTeX Warning: Reference `eqn:VLM' on page 23 undefined on input line 321.


LaTeX Warning: Reference `eqn:VLMBC' on page 23 undefined on input line 321.

[23 <D:/Research/Dissertation/ucthesis-ucsc/Figures/VortexLaticeMethod.jpg>]

LaTeX Warning: Reference `fig:alpha' on page 24 undefined on input line 331.


LaTeX Warning: Reference `fig:alpha' on page 24 undefined on input line 331.


LaTeX Warning: Reference `fig:airGeo' on page 24 undefined on input line 331.


LaTeX Warning: Reference `eqn:VLM' on page 24 undefined on input line 333.


LaTeX Warning: Reference `eqn:VLMBC' on page 24 undefined on input line 333.


LaTeX Warning: Reference `eqn:VLMBC' on page 24 undefined on input line 333.


LaTeX Warning: Reference `eqn:um' on page 24 undefined on input line 333.


LaTeX Warning: Reference `eqn:vm' on page 24 undefined on input line 333.


LaTeX Warning: Reference `eqn:wm' on page 24 undefined on input line 333.

[24 <D:/Research/Dissertation/ucthesis-ucsc/Figures/AngleofAttack.jpg>]
[25]

LaTeX Warning: Reference `eqn:um' on page 26 undefined on input line 366.


LaTeX Warning: Reference `eqn:vm' on page 26 undefined on input line 366.


LaTeX Warning: Reference `eqn:wm' on page 26 undefined on input line 366.


LaTeX Warning: Reference `eqn:VLM' on page 26 undefined on input line 366.


LaTeX Warning: Reference `eqn:VLMBC' on page 26 undefined on input line 366.


LaTeX Warning: Reference `eqn:um' on page 26 undefined on input line 368.


LaTeX Warning: Reference `eqn:vm' on page 26 undefined on input line 368.


LaTeX Warning: Reference `eqn:wm' on page 26 undefined on input line 368.


LaTeX Warning: Citation `melin2000vortex' on page 26 undefined on input line 36
8.


LaTeX Warning: Reference `eqn:hCube' on page 26 undefined on input line 371.

[26]

LaTeX Warning: Reference `eqn:liftF' on page 27 undefined on input line 373.


LaTeX Warning: Reference `eqn:dragF' on page 27 undefined on input line 373.


LaTeX Warning: Reference `eqn:GFEMeqn' on page 27 undefined on input line 382.


LaTeX Warning: Reference `eqn:GFEMeqn' on page 27 undefined on input line 382.

[27]
Overfull \hbox (12.35233pt too wide) in paragraph at lines 386--387
[]\OT1/cmr/m/n/10.95 The wing is di-vided into $\OML/cmm/m/it/10.95 m$ \OT1/cmr
/m/n/10.95 pan-els and cal-cu-lates the aero-dy-namic forces/moments
 []

<Figures/FullAeroelasticDefinitions.png, id=211, 737.3949pt x 178.0251pt>
File: Figures/FullAeroelasticDefinitions.png Graphic file (type png)

<use Figures/FullAeroelasticDefinitions.png>
Package pdftex.def Info: Figures/FullAeroelasticDefinitions.png used on input l
ine 390.
(pdftex.def)             Requested size: 415.55249pt x 100.3263pt.


LaTeX Warning: Reference `fig:def' on page 28 undefined on input line 395.


LaTeX Warning: Reference `eqn:Uinf' on page 28 undefined on input line 401.

[28 <D:/Research/Dissertation/ucthesis-ucsc/Figures/FullAeroelasticDefinitions.
png (PNG copy)>]

LaTeX Warning: Citation `melin2000vortex' on page 29 undefined on input line 41
6.


LaTeX Warning: Citation `melin2000vortex' on page 29 undefined on input line 42
6.


LaTeX Warning: Reference `eqn:alpha_aero' on page 29 undefined on input line 43
2.


LaTeX Warning: Reference `eqn:BC' on page 29 undefined on input line 432.


LaTeX Warning: Reference `eqn:RHSGamma' on page 29 undefined on input line 432.


[29]

LaTeX Warning: Reference `eqn:aeroForce' on page 30 undefined on input line 443
.


LaTeX Warning: Reference `eqn:aeroMoment' on page 30 undefined on input line 44
3.


LaTeX Warning: Reference `eqn:GFEMeqn' on page 30 undefined on input line 443.

[30]
Chapter 4.

Overfull \hbox (18.52534pt too wide) in paragraph at lines 454--454
[]\OT1/cmr/bx/n/14.4 Composite Lattice-based Cel-lu-lar Struc-ture Ac-tive Twis
t
 []


LaTeX Warning: Ref